#
# There is insufficient memory for the Java Runtime Environment to continue.
# Native memory allocation (mmap) failed to map 32505856 bytes for Failed to commit area from 0x0000000088f00000 to 0x000000008ae00000 of length 32505856.
# Possible reasons:
#   The system is out of physical RAM or swap space
#   The process is running with CompressedOops enabled, and the Java Heap may be blocking the growth of the native heap
# Possible solutions:
#   Reduce memory load on the system
#   Increase physical memory or swap space
#   Check if swap backing store is full
#   Decrease Java heap size (-Xmx/-Xms)
#   Decrease number of Java threads
#   Decrease Java thread stack sizes (-Xss)
#   Set larger code cache with -XX:ReservedCodeCacheSize=
#   JVM is running with Unscaled Compressed Oops mode in which the Java heap is
#     placed in the first 4GB address space. The Java Heap base address is the
#     maximum limit for the native heap growth. Please use -XX:HeapBaseMinAddress
#     to set the Java Heap base and to place the Java Heap above 4GB virtual address.
# This output file may be truncated or incomplete.
#
#  Out of Memory Error (./src/hotspot/os/windows/os_windows.cpp:3301), pid=15444, tid=3080
#
# JRE version: OpenJDK Runtime Environment AdoptOpenJDK (11.0.10+9) (build 11.0.10+9)
# Java VM: OpenJDK 64-Bit Server VM AdoptOpenJDK (11.0.10+9, mixed mode, tiered, compressed oops, g1 gc, windows-amd64)
# No core dump will be written. Minidumps are not enabled by default on client versions of Windows
#

---------------  S U M M A R Y ------------

Command Line: --add-opens=java.base/java.util=ALL-UNNAMED --add-opens=java.base/java.lang=ALL-UNNAMED --add-opens=java.base/java.lang.invoke=ALL-UNNAMED --add-opens=java.prefs/java.util.prefs=ALL-UNNAMED -Xmx2048m -Dfile.encoding=UTF-8 -Duser.country=FI -Duser.language=fi -Duser.variant org.gradle.launcher.daemon.bootstrap.GradleDaemon 6.5

Host: AMD Ryzen 3 3200U with Radeon Vega Mobile Gfx  , 4 cores, 3G,  Windows 10 , 64 bit Build 19041 (10.0.19041.804)
Time: Thu Apr 15 11:54:46 2021 Suomen kesäaika elapsed time: 354.363771 seconds (0d 0h 5m 54s)

---------------  T H R E A D  ---------------

Current thread (0x0000024d4459f800):  VMThread "VM Thread" [stack: 0x000000e054100000,0x000000e054200000] [id=3080]

Stack: [0x000000e054100000,0x000000e054200000]
[error occurred during error reporting (printing stack bounds), id 0xc0000005, EXCEPTION_ACCESS_VIOLATION (0xc0000005) at pc=0x0000024d2d590f2d]

Native frames: (J=compiled Java code, j=interpreted, Vv=VM code, C=native code)
V  [jvm.dll+0x5f35ea]
V  [jvm.dll+0x77c65e]
V  [jvm.dll+0x77dd2f]
V  [jvm.dll+0x77e355]
V  [jvm.dll+0x77e30b]
V  [jvm.dll+0x5f2ad3]
V  [jvm.dll+0x5f31e8]
C  [ntdll.dll+0xa1f6f]
C  [ntdll.dll+0x51454]
C  [ntdll.dll+0xa0a9e]
C  0x0000024d2d590f2d

VM_Operation (0x000000e0566faf40): G1CollectForAllocation, mode: safepoint, requested by thread 0x0000024d44c85800


---------------  P R O C E S S  ---------------

Threads class SMR info:
_java_thread_list=0x0000024d46b7e920, length=52, elements={
0x0000024d236d9800, 0x0000024d445a5800, 0x0000024d445a7000, 0x0000024d445fd800,
0x0000024d445fe800, 0x0000024d44600000, 0x0000024d44605000, 0x0000024d44623000,
0x0000024d44627000, 0x0000024d4486b800, 0x0000024d45884000, 0x0000024d464b6800,
0x0000024d45863000, 0x0000024d45313000, 0x0000024d452e4000, 0x0000024d460ce000,
0x0000024d45b78800, 0x0000024d45b79000, 0x0000024d46448800, 0x0000024d4644c800,
0x0000024d46446800, 0x0000024d4644d000, 0x0000024d4644b800, 0x0000024d46449000,
0x0000024d4644a000, 0x0000024d46447800, 0x0000024d4644a800, 0x0000024d44c8b000,
0x0000024d44c8a800, 0x0000024d44c85800, 0x0000024d44c8c000, 0x0000024d44c86800,
0x0000024d449e0800, 0x0000024d449e1800, 0x0000024d449e2000, 0x0000024d449dc800,
0x0000024d449e6800, 0x0000024d449e5800, 0x0000024d449e8000, 0x0000024d449e4000,
0x0000024d449e8800, 0x0000024d44c88000, 0x0000024d44c91000, 0x0000024d44c93800,
0x0000024d44c92800, 0x0000024d44c94000, 0x0000024d44c92000, 0x0000024d44c8e800,
0x0000024d44c8f800, 0x0000024d44c90000, 0x0000024d44c8d000, 0x0000024d449e3000
}

Java Threads: ( => current thread )
  0x0000024d236d9800 JavaThread "main" [_thread_blocked, id=16900, stack(0x000000e053b00000,0x000000e053c00000)]
  0x0000024d445a5800 JavaThread "Reference Handler" daemon [_thread_blocked, id=8136, stack(0x000000e054200000,0x000000e054300000)]
  0x0000024d445a7000 JavaThread "Finalizer" daemon [_thread_blocked, id=10180, stack(0x000000e054300000,0x000000e054400000)]
  0x0000024d445fd800 JavaThread "Signal Dispatcher" daemon [_thread_blocked, id=16568, stack(0x000000e054400000,0x000000e054500000)]
  0x0000024d445fe800 JavaThread "Attach Listener" daemon [_thread_blocked, id=15456, stack(0x000000e054500000,0x000000e054600000)]
  0x0000024d44600000 JavaThread "Service Thread" daemon [_thread_blocked, id=7112, stack(0x000000e054600000,0x000000e054700000)]
  0x0000024d44605000 JavaThread "C2 CompilerThread0" daemon [_thread_blocked, id=3492, stack(0x000000e054700000,0x000000e054800000)]
  0x0000024d44623000 JavaThread "C1 CompilerThread0" daemon [_thread_blocked, id=4364, stack(0x000000e054800000,0x000000e054900000)]
  0x0000024d44627000 JavaThread "Sweeper thread" daemon [_thread_blocked, id=15392, stack(0x000000e054900000,0x000000e054a00000)]
  0x0000024d4486b800 JavaThread "Common-Cleaner" daemon [_thread_blocked, id=5888, stack(0x000000e054a00000,0x000000e054b00000)]
  0x0000024d45884000 JavaThread "Daemon health stats" [_thread_blocked, id=3792, stack(0x000000e054d00000,0x000000e054e00000)]
  0x0000024d464b6800 JavaThread "Incoming local TCP Connector on port 54098" [_thread_in_native, id=4160, stack(0x000000e055000000,0x000000e055100000)]
  0x0000024d45863000 JavaThread "Daemon periodic checks" [_thread_blocked, id=11776, stack(0x000000e055100000,0x000000e055200000)]
  0x0000024d45313000 JavaThread "Daemon" [_thread_blocked, id=3148, stack(0x000000e055200000,0x000000e055300000)]
  0x0000024d452e4000 JavaThread "Handler for socket connection from /127.0.0.1:54098 to /127.0.0.1:54099" [_thread_in_native, id=12400, stack(0x000000e055300000,0x000000e055400000)]
  0x0000024d460ce000 JavaThread "Cancel handler" [_thread_blocked, id=16860, stack(0x000000e055400000,0x000000e055500000)]
  0x0000024d45b78800 JavaThread "Daemon worker" [_thread_blocked, id=1664, stack(0x000000e055500000,0x000000e055600000)]
  0x0000024d45b79000 JavaThread "Asynchronous log dispatcher for DefaultDaemonConnection: socket connection from /127.0.0.1:54098 to /127.0.0.1:54099" [_thread_blocked, id=1692, stack(0x000000e055600000,0x000000e055700000)]
  0x0000024d46448800 JavaThread "Thread-8" [_thread_blocked, id=13068, stack(0x000000e055a00000,0x000000e055b00000)]
  0x0000024d4644c800 JavaThread "Cache worker for journal cache (C:\Users\aseel\.gradle\caches\journal-1)" [_thread_blocked, id=13060, stack(0x000000e055b00000,0x000000e055c00000)]
  0x0000024d46446800 JavaThread "File lock request listener" [_thread_in_native, id=1912, stack(0x000000e055c00000,0x000000e055d00000)]
  0x0000024d4644d000 JavaThread "Cache worker for file hash cache (C:\Users\aseel\.gradle\caches\6.5\fileHashes)" [_thread_blocked, id=16620, stack(0x000000e055d00000,0x000000e055e00000)]
  0x0000024d4644b800 JavaThread "Cache worker for file hash cache (C:\Users\aseel\yourweek\.gradle\6.5\fileHashes)" [_thread_blocked, id=7260, stack(0x000000e055e00000,0x000000e055f00000)]
  0x0000024d46449000 JavaThread "Cache worker for checksums cache (C:\Users\aseel\yourweek\.gradle\checksums)" [_thread_blocked, id=14776, stack(0x000000e055f00000,0x000000e056000000)]
  0x0000024d4644a000 JavaThread "Cache worker for cache directory md-supplier (C:\Users\aseel\.gradle\caches\6.5\md-supplier)" [_thread_blocked, id=8268, stack(0x000000e056000000,0x000000e056100000)]
  0x0000024d46447800 JavaThread "Cache worker for cache directory md-rule (C:\Users\aseel\.gradle\caches\6.5\md-rule)" [_thread_blocked, id=5448, stack(0x000000e056100000,0x000000e056200000)]
  0x0000024d4644a800 JavaThread "Cache worker for execution history cache (C:\Users\aseel\.gradle\caches\6.5\executionHistory)" [_thread_blocked, id=16048, stack(0x000000e056200000,0x000000e056300000)]
  0x0000024d44c8b000 JavaThread "Cache worker for file content cache (C:\Users\aseel\.gradle\caches\6.5\fileContent)" [_thread_blocked, id=4488, stack(0x000000e056400000,0x000000e056500000)]
  0x0000024d44c8a800 JavaThread "Build operations" [_thread_blocked, id=2380, stack(0x000000e056500000,0x000000e056600000)]
  0x0000024d44c85800 JavaThread "Build operations Thread 2" [_thread_blocked, id=15952, stack(0x000000e056600000,0x000000e056700000)]
  0x0000024d44c8c000 JavaThread "Build operations Thread 3" [_thread_blocked, id=16760, stack(0x000000e056700000,0x000000e056800000)]
  0x0000024d44c86800 JavaThread "Build operations Thread 4" [_thread_blocked, id=17216, stack(0x000000e056800000,0x000000e056900000)]
  0x0000024d449e0800 JavaThread "Cache worker for Build Output Cleanup Cache (C:\Users\aseel\yourweek\.gradle\buildOutputCleanup)" [_thread_blocked, id=4896, stack(0x000000e05c400000,0x000000e05c500000)]
  0x0000024d449e1800 JavaThread "pool-1-thread-1" [_thread_blocked, id=16092, stack(0x000000e05c500000,0x000000e05c600000)]
  0x0000024d449e2000 JavaThread "Memory manager" [_thread_blocked, id=2996, stack(0x000000e05c600000,0x000000e05c700000)]
  0x0000024d449dc800 JavaThread "Cache worker for file content cache (C:\Users\aseel\yourweek\.gradle\6.5\fileContent)" [_thread_blocked, id=11628, stack(0x000000e05c700000,0x000000e05c800000)]
  0x0000024d449e6800 JavaThread "Execution worker for ':'" [_thread_blocked, id=14952, stack(0x000000e05c800000,0x000000e05c900000)]
  0x0000024d449e5800 JavaThread "Execution worker for ':' Thread 2" [_thread_blocked, id=14648, stack(0x000000e05c900000,0x000000e05ca00000)]
  0x0000024d449e8000 JavaThread "Execution worker for ':' Thread 3" [_thread_blocked, id=9772, stack(0x000000e05ca00000,0x000000e05cb00000)]
  0x0000024d449e4000 JavaThread "Cache worker for execution history cache (C:\Users\aseel\yourweek\.gradle\6.5\executionHistory)" [_thread_blocked, id=5236, stack(0x000000e053800000,0x000000e053900000)]
  0x0000024d449e8800 JavaThread "WorkerExecutor Queue" [_thread_blocked, id=10008, stack(0x000000e053900000,0x000000e053a00000)]
  0x0000024d44c88000 JavaThread "pool-2-thread-1" [_thread_blocked, id=15916, stack(0x000000e056300000,0x000000e056400000)]
  0x0000024d44c91000 JavaThread "stderr" [_thread_in_native, id=11816, stack(0x000000e056900000,0x000000e056a00000)]
  0x0000024d44c93800 JavaThread "stdout" [_thread_in_native, id=13804, stack(0x000000e056a00000,0x000000e056b00000)]
  0x0000024d44c92800 JavaThread "stderr" [_thread_in_native, id=14696, stack(0x000000e056b00000,0x000000e056c00000)]
  0x0000024d44c94000 JavaThread "stdout" [_thread_in_native, id=11964, stack(0x000000e056c00000,0x000000e056d00000)]
  0x0000024d44c92000 JavaThread "stderr" [_thread_in_native, id=3232, stack(0x000000e056d00000,0x000000e056e00000)]
  0x0000024d44c8e800 JavaThread "stdout" [_thread_in_native, id=3048, stack(0x000000e056e00000,0x000000e056f00000)]
  0x0000024d44c8f800 JavaThread "stderr" [_thread_in_native, id=3500, stack(0x000000e056f00000,0x000000e057000000)]
  0x0000024d44c90000 JavaThread "stdout" [_thread_in_native, id=12756, stack(0x000000e057000000,0x000000e057100000)]
  0x0000024d44c8d000 JavaThread "WorkerExecutor Queue Thread 5" [_thread_blocked, id=15664, stack(0x000000e054e00000,0x000000e054f00000)]
  0x0000024d449e3000 JavaThread "WorkerExecutor Queue Thread 6" [_thread_blocked, id=15092, stack(0x000000e054f00000,0x000000e055000000)]

Other Threads:
=>0x0000024d4459f800 VMThread "VM Thread" [stack: 0x000000e054100000,0x000000e054200000] [id=3080]
  0x0000024d448c5800 WatcherThread [stack: 0x000000e054b00000,0x000000e054c00000] [id=17164]
  0x0000024d236f1800 GCTaskThread "GC Thread#0" [stack: 0x000000e053c00000,0x000000e053d00000] [id=2412]
  0x0000024d44fdc000 GCTaskThread "GC Thread#1" [stack: 0x000000e054c00000,0x000000e054d00000] [id=9580]
  0x0000024d45a1f000 GCTaskThread "GC Thread#2" [stack: 0x000000e055800000,0x000000e055900000] [id=14016]
  0x0000024d45a1f800 GCTaskThread "GC Thread#3" [stack: 0x000000e055900000,0x000000e055a00000] [id=2724]
  0x0000024d23725000 ConcurrentGCThread "G1 Main Marker" [stack: 0x000000e053d00000,0x000000e053e00000] [id=9352]
  0x0000024d23727000 ConcurrentGCThread "G1 Conc#0" [stack: 0x000000e053e00000,0x000000e053f00000] [id=8140]
  0x0000024d2376c000 ConcurrentGCThread "G1 Refine#0" [stack: 0x000000e053f00000,0x000000e054000000] [id=15956]
  0x0000024d2376d800 ConcurrentGCThread "G1 Young RemSet Sampling" [stack: 0x000000e054000000,0x000000e054100000] [id=3668]

Threads with active compile tasks:
C2 CompilerThread0 354480 11694       4       java.util.EnumMap::get (29 bytes)

VM state:at safepoint (normal execution)

VM Mutex/Monitor currently owned by a thread:  ([mutex/lock_event])
[0x0000024d236d44f0] Threads_lock - owner thread: 0x0000024d4459f800
[0x0000024d236d3e30] Heap_lock - owner thread: 0x0000024d44c85800

Heap address: 0x0000000080000000, size: 2048 MB, Compressed Oops mode: 32-bit
Narrow klass base: 0x0000000000000000, Narrow klass shift: 3
Compressed class space size: 1073741824 Address: 0x0000000100000000

Heap:
 garbage-first heap   total 178176K, used 71756K [0x0000000080000000, 0x0000000100000000)
  region size 1024K, 1 young (1024K), 1 survivors (1024K)
 Metaspace       used 83345K, capacity 85517K, committed 85584K, reserved 1124352K
  class space    used 10620K, capacity 11388K, committed 11392K, reserved 1048576K
Heap Regions: E=young(eden), S=young(survivor), O=old, HS=humongous(starts), HC=humongous(continues), CS=collection set, F=free, A=archive, TAMS=top-at-mark-start (previous, next)
|   0|0x0000000080000000, 0x0000000080100000, 0x0000000080100000|100%| O|  |TAMS 0x0000000080100000, 0x0000000080000000| Untracked 
|   1|0x0000000080100000, 0x0000000080200000, 0x0000000080200000|100%| O|  |TAMS 0x0000000080200000, 0x0000000080100000| Untracked 
|   2|0x0000000080200000, 0x0000000080300000, 0x0000000080300000|100%| O|  |TAMS 0x0000000080300000, 0x0000000080200000| Untracked 
|   3|0x0000000080300000, 0x0000000080400000, 0x0000000080400000|100%|HS|  |TAMS 0x0000000080400000, 0x0000000080300000| Complete 
|   4|0x0000000080400000, 0x0000000080500000, 0x0000000080500000|100%|HC|  |TAMS 0x0000000080500000, 0x0000000080400000| Complete 
|   5|0x0000000080500000, 0x0000000080600000, 0x0000000080600000|100%|HC|  |TAMS 0x0000000080600000, 0x0000000080500000| Complete 
|   6|0x0000000080600000, 0x0000000080700000, 0x0000000080700000|100%| O|  |TAMS 0x0000000080700000, 0x0000000080600000| Complete 
|   7|0x0000000080700000, 0x0000000080800000, 0x0000000080800000|100%| O|  |TAMS 0x0000000080800000, 0x0000000080700000| Untracked 
|   8|0x0000000080800000, 0x0000000080900000, 0x0000000080900000|100%| O|  |TAMS 0x0000000080900000, 0x0000000080800000| Untracked 
|   9|0x0000000080900000, 0x0000000080a00000, 0x0000000080a00000|100%| O|  |TAMS 0x0000000080a00000, 0x0000000080900000| Untracked 
|  10|0x0000000080a00000, 0x0000000080b00000, 0x0000000080b00000|100%| O|  |TAMS 0x0000000080b00000, 0x0000000080a00000| Untracked 
|  11|0x0000000080b00000, 0x0000000080c00000, 0x0000000080c00000|100%| O|  |TAMS 0x0000000080c00000, 0x0000000080b00000| Untracked 
|  12|0x0000000080c00000, 0x0000000080d00000, 0x0000000080d00000|100%| O|  |TAMS 0x0000000080d00000, 0x0000000080c00000| Untracked 
|  13|0x0000000080d00000, 0x0000000080e00000, 0x0000000080e00000|100%| O|  |TAMS 0x0000000080e00000, 0x0000000080d00000| Untracked 
|  14|0x0000000080e00000, 0x0000000080f00000, 0x0000000080f00000|100%| O|  |TAMS 0x0000000080f00000, 0x0000000080e00000| Untracked 
|  15|0x0000000080f00000, 0x0000000081000000, 0x0000000081000000|100%| O|  |TAMS 0x0000000081000000, 0x0000000080f00000| Complete 
|  16|0x0000000081000000, 0x0000000081100000, 0x0000000081100000|100%| O|  |TAMS 0x0000000081100000, 0x0000000081000000| Untracked 
|  17|0x0000000081100000, 0x0000000081200000, 0x0000000081200000|100%| O|  |TAMS 0x0000000081200000, 0x0000000081100000| Untracked 
|  18|0x0000000081200000, 0x0000000081300000, 0x0000000081300000|100%| O|  |TAMS 0x0000000081300000, 0x0000000081200000| Untracked 
|  19|0x0000000081300000, 0x0000000081400000, 0x0000000081400000|100%| O|  |TAMS 0x0000000081400000, 0x0000000081300000| Untracked 
|  20|0x0000000081400000, 0x0000000081500000, 0x0000000081500000|100%| O|  |TAMS 0x0000000081500000, 0x0000000081400000| Untracked 
|  21|0x0000000081500000, 0x0000000081600000, 0x0000000081600000|100%| O|  |TAMS 0x0000000081600000, 0x0000000081500000| Untracked 
|  22|0x0000000081600000, 0x0000000081700000, 0x0000000081700000|100%| O|  |TAMS 0x0000000081700000, 0x0000000081600000| Untracked 
|  23|0x0000000081700000, 0x0000000081800000, 0x0000000081800000|100%| O|  |TAMS 0x0000000081800000, 0x0000000081700000| Untracked 
|  24|0x0000000081800000, 0x0000000081900000, 0x0000000081900000|100%|HS|  |TAMS 0x0000000081900000, 0x0000000081800000| Complete 
|  25|0x0000000081900000, 0x0000000081a00000, 0x0000000081a00000|100%| O|  |TAMS 0x0000000081a00000, 0x0000000081900000| Untracked 
|  26|0x0000000081a00000, 0x0000000081b00000, 0x0000000081b00000|100%| O|  |TAMS 0x0000000081b00000, 0x0000000081a00000| Untracked 
|  27|0x0000000081b00000, 0x0000000081c00000, 0x0000000081c00000|100%|HS|  |TAMS 0x0000000081c00000, 0x0000000081b00000| Complete 
|  28|0x0000000081c00000, 0x0000000081d00000, 0x0000000081d00000|100%|HC|  |TAMS 0x0000000081d00000, 0x0000000081c00000| Complete 
|  29|0x0000000081d00000, 0x0000000081e00000, 0x0000000081e00000|100%| O|  |TAMS 0x0000000081e00000, 0x0000000081d00000| Untracked 
|  30|0x0000000081e00000, 0x0000000081f00000, 0x0000000081f00000|100%| O|  |TAMS 0x0000000081f00000, 0x0000000081e00000| Untracked 
|  31|0x0000000081f00000, 0x0000000082000000, 0x0000000082000000|100%| O|  |TAMS 0x0000000082000000, 0x0000000081f00000| Untracked 
|  32|0x0000000082000000, 0x0000000082100000, 0x0000000082100000|100%| O|  |TAMS 0x0000000082100000, 0x0000000082000000| Complete 
|  33|0x0000000082100000, 0x0000000082200000, 0x0000000082200000|100%| O|  |TAMS 0x0000000082200000, 0x0000000082100000| Untracked 
|  34|0x0000000082200000, 0x0000000082300000, 0x0000000082300000|100%| O|  |TAMS 0x0000000082300000, 0x0000000082200000| Untracked 
|  35|0x0000000082300000, 0x0000000082400000, 0x0000000082400000|100%| O|  |TAMS 0x0000000082400000, 0x0000000082300000| Untracked 
|  36|0x0000000082400000, 0x0000000082500000, 0x0000000082500000|100%| O|  |TAMS 0x0000000082500000, 0x0000000082400000| Untracked 
|  37|0x0000000082500000, 0x0000000082600000, 0x0000000082600000|100%| O|  |TAMS 0x0000000082600000, 0x0000000082500000| Untracked 
|  38|0x0000000082600000, 0x0000000082700000, 0x0000000082700000|100%| O|  |TAMS 0x0000000082700000, 0x0000000082600000| Untracked 
|  39|0x0000000082700000, 0x0000000082800000, 0x0000000082800000|100%| O|  |TAMS 0x0000000082800000, 0x0000000082700000| Untracked 
|  40|0x0000000082800000, 0x0000000082900000, 0x0000000082900000|100%| O|  |TAMS 0x0000000082900000, 0x0000000082800000| Untracked 
|  41|0x0000000082900000, 0x0000000082a00000, 0x0000000082a00000|100%| O|  |TAMS 0x0000000082a00000, 0x0000000082900000| Complete 
|  42|0x0000000082a00000, 0x0000000082b00000, 0x0000000082b00000|100%| O|  |TAMS 0x0000000082b00000, 0x0000000082a00000| Untracked 
|  43|0x0000000082b00000, 0x0000000082c00000, 0x0000000082c00000|100%| O|  |TAMS 0x0000000082c00000, 0x0000000082b00000| Untracked 
|  44|0x0000000082c00000, 0x0000000082d00000, 0x0000000082d00000|100%| O|  |TAMS 0x0000000082d00000, 0x0000000082c00000| Untracked 
|  45|0x0000000082d00000, 0x0000000082e00000, 0x0000000082e00000|100%| O|  |TAMS 0x0000000082e00000, 0x0000000082d00000| Untracked 
|  46|0x0000000082e00000, 0x0000000082f00000, 0x0000000082f00000|100%| O|  |TAMS 0x0000000082f00000, 0x0000000082e00000| Untracked 
|  47|0x0000000082f00000, 0x0000000083000000, 0x0000000083000000|100%| O|  |TAMS 0x0000000083000000, 0x0000000082f00000| Complete 
|  48|0x0000000083000000, 0x0000000083100000, 0x0000000083100000|100%| O|  |TAMS 0x0000000083100000, 0x0000000083000000| Untracked 
|  49|0x0000000083100000, 0x0000000083200000, 0x0000000083200000|100%| O|  |TAMS 0x0000000083200000, 0x0000000083100000| Complete 
|  50|0x0000000083200000, 0x0000000083300000, 0x0000000083300000|100%| O|  |TAMS 0x0000000083300000, 0x0000000083200000| Untracked 
|  51|0x0000000083300000, 0x0000000083400000, 0x0000000083400000|100%| O|  |TAMS 0x0000000083400000, 0x0000000083300000| Untracked 
|  52|0x0000000083400000, 0x0000000083500000, 0x0000000083500000|100%| O|  |TAMS 0x0000000083500000, 0x0000000083400000| Complete 
|  53|0x0000000083500000, 0x0000000083600000, 0x0000000083600000|100%| O|  |TAMS 0x0000000083600000, 0x0000000083500000| Complete 
|  54|0x0000000083600000, 0x0000000083700000, 0x0000000083700000|100%| O|  |TAMS 0x0000000083700000, 0x0000000083600000| Complete 
|  55|0x0000000083700000, 0x0000000083800000, 0x0000000083800000|100%| O|  |TAMS 0x0000000083800000, 0x0000000083700000| Complete 
|  56|0x0000000083800000, 0x0000000083900000, 0x0000000083900000|100%| O|  |TAMS 0x0000000083900000, 0x0000000083800000| Complete 
|  57|0x0000000083900000, 0x0000000083a00000, 0x0000000083a00000|100%| O|  |TAMS 0x0000000083a00000, 0x0000000083900000| Complete 
|  58|0x0000000083a00000, 0x0000000083b00000, 0x0000000083b00000|100%| O|  |TAMS 0x0000000083b00000, 0x0000000083a00000| Untracked 
|  59|0x0000000083b00000, 0x0000000083c00000, 0x0000000083c00000|100%| O|  |TAMS 0x0000000083c00000, 0x0000000083b00000| Complete 
|  60|0x0000000083c00000, 0x0000000083d00000, 0x0000000083d00000|100%| O|  |TAMS 0x0000000083d00000, 0x0000000083c00000| Untracked 
|  61|0x0000000083d00000, 0x0000000083e00000, 0x0000000083e00000|100%| O|  |TAMS 0x0000000083d25c00, 0x0000000083d00000| Untracked 
|  62|0x0000000083e00000, 0x0000000083f00000, 0x0000000083f00000|100%| O|  |TAMS 0x0000000083f00000, 0x0000000083e00000| Untracked 
|  63|0x0000000083f00000, 0x0000000084000000, 0x0000000084000000|100%| O|  |TAMS 0x0000000083f00000, 0x0000000083f00000| Untracked 
|  64|0x0000000084000000, 0x0000000084100000, 0x0000000084100000|100%| O|  |TAMS 0x0000000084100000, 0x0000000084000000| Complete 
|  65|0x0000000084100000, 0x0000000084200000, 0x0000000084200000|100%| O|  |TAMS 0x0000000084200000, 0x0000000084100000| Complete 
|  66|0x0000000084200000, 0x0000000084300000, 0x0000000084300000|100%| O|  |TAMS 0x0000000084300000, 0x0000000084200000| Complete 
|  67|0x0000000084300000, 0x0000000084333200, 0x0000000084400000| 19%| O|  |TAMS 0x0000000084300000, 0x0000000084300000| Untracked 
|  68|0x0000000084400000, 0x0000000084500000, 0x0000000084500000|100%| O|  |TAMS 0x0000000084500000, 0x0000000084400000| Complete 
|  69|0x0000000084500000, 0x0000000084500000, 0x0000000084600000|  0%| F|  |TAMS 0x0000000084500000, 0x0000000084500000| Untracked 
|  70|0x0000000084600000, 0x0000000084600000, 0x0000000084700000|  0%| F|  |TAMS 0x0000000084600000, 0x0000000084600000| Untracked 
|  71|0x0000000084700000, 0x0000000084700000, 0x0000000084800000|  0%| F|  |TAMS 0x0000000084700000, 0x0000000084700000| Untracked 
|  72|0x0000000084800000, 0x0000000084800000, 0x0000000084900000|  0%| F|  |TAMS 0x0000000084800000, 0x0000000084800000| Untracked 
|  73|0x0000000084900000, 0x0000000084900000, 0x0000000084a00000|  0%| F|  |TAMS 0x0000000084900000, 0x0000000084900000| Untracked 
|  74|0x0000000084a00000, 0x0000000084a00000, 0x0000000084b00000|  0%| F|  |TAMS 0x0000000084a00000, 0x0000000084a00000| Untracked 
|  75|0x0000000084b00000, 0x0000000084b00000, 0x0000000084c00000|  0%| F|  |TAMS 0x0000000084b00000, 0x0000000084b00000| Untracked 
|  76|0x0000000084c00000, 0x0000000084c00000, 0x0000000084d00000|  0%| F|  |TAMS 0x0000000084c00000, 0x0000000084c00000| Untracked 
|  77|0x0000000084d00000, 0x0000000084e00000, 0x0000000084e00000|100%| O|  |TAMS 0x0000000084e00000, 0x0000000084d00000| Complete 
|  78|0x0000000084e00000, 0x0000000084e00000, 0x0000000084f00000|  0%| F|  |TAMS 0x0000000084e00000, 0x0000000084e00000| Untracked 
|  79|0x0000000084f00000, 0x0000000084f00000, 0x0000000085000000|  0%| F|  |TAMS 0x0000000084f00000, 0x0000000084f00000| Untracked 
|  80|0x0000000085000000, 0x0000000085000000, 0x0000000085100000|  0%| F|  |TAMS 0x0000000085000000, 0x0000000085000000| Untracked 
|  81|0x0000000085100000, 0x0000000085100000, 0x0000000085200000|  0%| F|  |TAMS 0x0000000085100000, 0x0000000085100000| Untracked 
|  82|0x0000000085200000, 0x0000000085200000, 0x0000000085300000|  0%| F|  |TAMS 0x0000000085200000, 0x0000000085200000| Untracked 
|  83|0x0000000085300000, 0x0000000085300000, 0x0000000085400000|  0%| F|  |TAMS 0x0000000085300000, 0x0000000085300000| Untracked 
|  84|0x0000000085400000, 0x0000000085400000, 0x0000000085500000|  0%| F|  |TAMS 0x0000000085400000, 0x0000000085400000| Untracked 
|  85|0x0000000085500000, 0x0000000085500000, 0x0000000085600000|  0%| F|  |TAMS 0x0000000085500000, 0x0000000085500000| Untracked 
|  86|0x0000000085600000, 0x0000000085600000, 0x0000000085700000|  0%| F|  |TAMS 0x0000000085600000, 0x0000000085600000| Untracked 
|  87|0x0000000085700000, 0x0000000085700000, 0x0000000085800000|  0%| F|  |TAMS 0x0000000085700000, 0x0000000085700000| Untracked 
|  88|0x0000000085800000, 0x0000000085800000, 0x0000000085900000|  0%| F|  |TAMS 0x0000000085800000, 0x0000000085800000| Untracked 
|  89|0x0000000085900000, 0x0000000085900000, 0x0000000085a00000|  0%| F|  |TAMS 0x0000000085900000, 0x0000000085900000| Untracked 
|  90|0x0000000085a00000, 0x0000000085a00000, 0x0000000085b00000|  0%| F|  |TAMS 0x0000000085a00000, 0x0000000085a00000| Untracked 
|  91|0x0000000085b00000, 0x0000000085b00000, 0x0000000085c00000|  0%| F|  |TAMS 0x0000000085b00000, 0x0000000085b00000| Untracked 
|  92|0x0000000085c00000, 0x0000000085c00000, 0x0000000085d00000|  0%| F|  |TAMS 0x0000000085c00000, 0x0000000085c00000| Untracked 
|  93|0x0000000085d00000, 0x0000000085d00000, 0x0000000085e00000|  0%| F|  |TAMS 0x0000000085d00000, 0x0000000085d00000| Untracked 
|  94|0x0000000085e00000, 0x0000000085e00000, 0x0000000085f00000|  0%| F|  |TAMS 0x0000000085e00000, 0x0000000085e00000| Untracked 
|  95|0x0000000085f00000, 0x0000000085f00000, 0x0000000086000000|  0%| F|  |TAMS 0x0000000085f00000, 0x0000000085f00000| Untracked 
|  96|0x0000000086000000, 0x0000000086000000, 0x0000000086100000|  0%| F|  |TAMS 0x0000000086000000, 0x0000000086000000| Untracked 
|  97|0x0000000086100000, 0x0000000086100000, 0x0000000086200000|  0%| F|  |TAMS 0x0000000086100000, 0x0000000086100000| Untracked 
|  98|0x0000000086200000, 0x0000000086200000, 0x0000000086300000|  0%| F|  |TAMS 0x0000000086200000, 0x0000000086200000| Untracked 
|  99|0x0000000086300000, 0x0000000086300000, 0x0000000086400000|  0%| F|  |TAMS 0x0000000086300000, 0x0000000086300000| Untracked 
| 100|0x0000000086400000, 0x0000000086400000, 0x0000000086500000|  0%| F|  |TAMS 0x0000000086400000, 0x0000000086400000| Untracked 
| 101|0x0000000086500000, 0x0000000086500000, 0x0000000086600000|  0%| F|  |TAMS 0x0000000086500000, 0x0000000086500000| Untracked 
| 102|0x0000000086600000, 0x0000000086600000, 0x0000000086700000|  0%| F|  |TAMS 0x0000000086600000, 0x0000000086600000| Untracked 
| 103|0x0000000086700000, 0x0000000086700000, 0x0000000086800000|  0%| F|  |TAMS 0x0000000086700000, 0x0000000086700000| Untracked 
| 104|0x0000000086800000, 0x0000000086800000, 0x0000000086900000|  0%| F|  |TAMS 0x0000000086800000, 0x0000000086800000| Untracked 
| 105|0x0000000086900000, 0x0000000086900000, 0x0000000086a00000|  0%| F|  |TAMS 0x0000000086900000, 0x0000000086900000| Untracked 
| 106|0x0000000086a00000, 0x0000000086a00000, 0x0000000086b00000|  0%| F|  |TAMS 0x0000000086a00000, 0x0000000086a00000| Untracked 
| 107|0x0000000086b00000, 0x0000000086b00000, 0x0000000086c00000|  0%| F|  |TAMS 0x0000000086b00000, 0x0000000086b00000| Untracked 
| 108|0x0000000086c00000, 0x0000000086c00000, 0x0000000086d00000|  0%| F|  |TAMS 0x0000000086c00000, 0x0000000086c00000| Untracked 
| 109|0x0000000086d00000, 0x0000000086d00000, 0x0000000086e00000|  0%| F|  |TAMS 0x0000000086d00000, 0x0000000086d00000| Untracked 
| 110|0x0000000086e00000, 0x0000000086e00000, 0x0000000086f00000|  0%| F|  |TAMS 0x0000000086e00000, 0x0000000086e00000| Untracked 
| 111|0x0000000086f00000, 0x0000000086f00000, 0x0000000087000000|  0%| F|  |TAMS 0x0000000086f00000, 0x0000000086f00000| Untracked 
| 112|0x0000000087000000, 0x0000000087000000, 0x0000000087100000|  0%| F|  |TAMS 0x0000000087000000, 0x0000000087000000| Untracked 
| 113|0x0000000087100000, 0x0000000087100000, 0x0000000087200000|  0%| F|  |TAMS 0x0000000087100000, 0x0000000087100000| Untracked 
| 114|0x0000000087200000, 0x0000000087200000, 0x0000000087300000|  0%| F|  |TAMS 0x0000000087200000, 0x0000000087200000| Untracked 
| 115|0x0000000087300000, 0x0000000087300000, 0x0000000087400000|  0%| F|  |TAMS 0x0000000087300000, 0x0000000087300000| Untracked 
| 116|0x0000000087400000, 0x0000000087400000, 0x0000000087500000|  0%| F|  |TAMS 0x0000000087400000, 0x0000000087400000| Untracked 
| 117|0x0000000087500000, 0x0000000087500000, 0x0000000087600000|  0%| F|  |TAMS 0x0000000087500000, 0x0000000087500000| Untracked 
| 118|0x0000000087600000, 0x0000000087600000, 0x0000000087700000|  0%| F|  |TAMS 0x0000000087600000, 0x0000000087600000| Untracked 
| 119|0x0000000087700000, 0x0000000087700000, 0x0000000087800000|  0%| F|  |TAMS 0x0000000087700000, 0x0000000087700000| Untracked 
| 120|0x0000000087800000, 0x0000000087800000, 0x0000000087900000|  0%| F|  |TAMS 0x0000000087800000, 0x0000000087800000| Untracked 
| 121|0x0000000087900000, 0x0000000087900000, 0x0000000087a00000|  0%| F|  |TAMS 0x0000000087900000, 0x0000000087900000| Untracked 
| 122|0x0000000087a00000, 0x0000000087a00000, 0x0000000087b00000|  0%| F|  |TAMS 0x0000000087a00000, 0x0000000087a00000| Untracked 
| 123|0x0000000087b00000, 0x0000000087b00000, 0x0000000087c00000|  0%| F|  |TAMS 0x0000000087b00000, 0x0000000087b00000| Untracked 
| 124|0x0000000087c00000, 0x0000000087c00000, 0x0000000087d00000|  0%| F|  |TAMS 0x0000000087c00000, 0x0000000087c00000| Untracked 
| 125|0x0000000087d00000, 0x0000000087d00000, 0x0000000087e00000|  0%| F|  |TAMS 0x0000000087d00000, 0x0000000087d00000| Untracked 
| 126|0x0000000087e00000, 0x0000000087e00000, 0x0000000087f00000|  0%| F|  |TAMS 0x0000000087e00000, 0x0000000087e00000| Untracked 
| 127|0x0000000087f00000, 0x0000000087f00000, 0x0000000088000000|  0%| F|  |TAMS 0x0000000087f00000, 0x0000000087f00000| Untracked 
| 128|0x0000000088000000, 0x0000000088000000, 0x0000000088100000|  0%| F|  |TAMS 0x0000000088000000, 0x0000000088000000| Untracked 
| 129|0x0000000088100000, 0x0000000088100000, 0x0000000088200000|  0%| F|  |TAMS 0x0000000088100000, 0x0000000088100000| Untracked 
| 130|0x0000000088200000, 0x0000000088200000, 0x0000000088300000|  0%| F|  |TAMS 0x0000000088200000, 0x0000000088200000| Untracked 
| 131|0x0000000088300000, 0x0000000088300000, 0x0000000088400000|  0%| F|  |TAMS 0x0000000088300000, 0x0000000088300000| Untracked 
| 132|0x0000000088400000, 0x0000000088400000, 0x0000000088500000|  0%| F|  |TAMS 0x0000000088400000, 0x0000000088400000| Untracked 
| 133|0x0000000088500000, 0x0000000088500000, 0x0000000088600000|  0%| F|  |TAMS 0x0000000088500000, 0x0000000088500000| Untracked 
| 134|0x0000000088600000, 0x0000000088600000, 0x0000000088700000|  0%| F|  |TAMS 0x0000000088600000, 0x0000000088600000| Untracked 
| 135|0x0000000088700000, 0x0000000088700000, 0x0000000088800000|  0%| F|  |TAMS 0x0000000088700000, 0x0000000088700000| Untracked 
| 136|0x0000000088800000, 0x00000000888dfe70, 0x0000000088900000| 87%| S|CS|TAMS 0x0000000088800000, 0x0000000088800000| Complete 
| 137|0x0000000088900000, 0x0000000088900000, 0x0000000088a00000|  0%| F|  |TAMS 0x0000000088900000, 0x0000000088900000| Untracked 
| 138|0x0000000088a00000, 0x0000000088a00000, 0x0000000088b00000|  0%| F|  |TAMS 0x0000000088a00000, 0x0000000088a00000| Untracked 
| 139|0x0000000088b00000, 0x0000000088b00000, 0x0000000088c00000|  0%| F|  |TAMS 0x0000000088b00000, 0x0000000088b00000| Untracked 
| 140|0x0000000088c00000, 0x0000000088c00000, 0x0000000088d00000|  0%| F|  |TAMS 0x0000000088c00000, 0x0000000088c00000| Untracked 
| 141|0x0000000088d00000, 0x0000000088d00000, 0x0000000088e00000|  0%| F|  |TAMS 0x0000000088d00000, 0x0000000088d00000| Untracked 
| 142|0x0000000088e00000, 0x0000000088e00000, 0x0000000088f00000|  0%| F|  |TAMS 0x0000000088e00000, 0x0000000088e00000| Untracked 

Card table byte_map: [0x0000024d3cfb0000,0x0000024d3d3b0000] _byte_map_base: 0x0000024d3cbb0000

Marking Bits (Prev, Next): (CMBitMap*) 0x0000024d2371c3d0, (CMBitMap*) 0x0000024d2371c398
 Prev Bits: [0x0000024d3f7b0000, 0x0000024d417b0000)
 Next Bits: [0x0000024d3d7b0000, 0x0000024d3f7b0000)

Polling page: 0x0000024d23550000

Metaspace:

Usage:
  Non-class:     72.39 MB capacity,    71.02 MB ( 98%) used,     1.16 MB (  2%) free+waste,   218.56 KB ( <1%) overhead. 
      Class:     11.12 MB capacity,    10.37 MB ( 93%) used,   667.37 KB (  6%) free+waste,    99.81 KB ( <1%) overhead. 
       Both:     83.51 MB capacity,    81.39 MB ( 97%) used,     1.81 MB (  2%) free+waste,   318.38 KB ( <1%) overhead. 

Virtual space:
  Non-class space:       74.00 MB reserved,      72.45 MB ( 98%) committed 
      Class space:        1.00 GB reserved,      11.13 MB (  1%) committed 
             Both:        1.07 GB reserved,      83.58 MB (  8%) committed 

Chunk freelists:
   Non-Class:  63.00 KB
       Class:  4.00 KB
        Both:  67.00 KB

MaxMetaspaceSize: 17179869184.00 GB
CompressedClassSpaceSize: 1.00 GB

CodeHeap 'non-profiled nmethods': size=120064Kb used=7223Kb max_used=7223Kb free=112841Kb
 bounds [0x0000024d35050000, 0x0000024d35760000, 0x0000024d3c590000]
CodeHeap 'profiled nmethods': size=120000Kb used=25948Kb max_used=25948Kb free=94051Kb
 bounds [0x0000024d2db20000, 0x0000024d2f480000, 0x0000024d35050000]
CodeHeap 'non-nmethods': size=5696Kb used=2277Kb max_used=2307Kb free=3418Kb
 bounds [0x0000024d2d590000, 0x0000024d2d800000, 0x0000024d2db20000]
 total_blobs=12477 nmethods=11605 adapters=782
 compilation: enabled
              stopped_count=0, restarted_count=0
 full_count=0

Compilation events (20 events):
Event: 354.300 Thread 0x0000024d44623000 11685       3       com.google.common.collect.StandardTable$Row::<init> (18 bytes)
Event: 354.300 Thread 0x0000024d44623000 nmethod 11685 0x0000024d2f46fc90 code [0x0000024d2f46fe80, 0x0000024d2f4702a8]
Event: 354.300 Thread 0x0000024d44623000 11690       3       com.google.common.collect.StandardTable::getOrCreate (45 bytes)
Event: 354.301 Thread 0x0000024d44623000 nmethod 11690 0x0000024d2f470410 code [0x0000024d2f470600, 0x0000024d2f470bc8]
Event: 354.301 Thread 0x0000024d44623000 11688       3       com.google.common.collect.StandardTable::contains (23 bytes)
Event: 354.301 Thread 0x0000024d44605000 nmethod 11669 0x0000024d3575d310 code [0x0000024d3575d4a0, 0x0000024d3575d558]
Event: 354.301 Thread 0x0000024d44605000 11674   !   4       com.google.common.collect.Maps::safeGet (16 bytes)
Event: 354.302 Thread 0x0000024d44623000 nmethod 11688 0x0000024d2f470d90 code [0x0000024d2f470fe0, 0x0000024d2f4719a8]
Event: 354.302 Thread 0x0000024d44623000 11689       3       com.google.common.collect.AbstractTable::contains (30 bytes)
Event: 354.303 Thread 0x0000024d44623000 nmethod 11689 0x0000024d2f471d10 code [0x0000024d2f471f60, 0x0000024d2f472808]
Event: 354.303 Thread 0x0000024d44623000 11687       3       com.android.ide.common.symbols.SymbolTableBuilder::symbol (35 bytes)
Event: 354.305 Thread 0x0000024d44623000 nmethod 11687 0x0000024d2f472b10 code [0x0000024d2f472dc0, 0x0000024d2f473828]
Event: 354.305 Thread 0x0000024d44623000 11691       3       com.android.ide.common.symbols.SymbolTableBuilder::writeCurrentStyleable (86 bytes)
Event: 354.307 Thread 0x0000024d44623000 nmethod 11691 0x0000024d2f473c10 code [0x0000024d2f473e60, 0x0000024d2f4745c8]
Event: 354.307 Thread 0x0000024d44623000 11692       3       com.android.ide.common.symbols.SymbolTable$Builder::add (102 bytes)
Event: 354.310 Thread 0x0000024d44623000 nmethod 11692 0x0000024d2f474890 code [0x0000024d2f474c20, 0x0000024d2f476008]
Event: 354.310 Thread 0x0000024d44623000 11693       3       com.google.common.collect.StandardTable$Row::backingRowMap (55 bytes)
Event: 354.310 Thread 0x0000024d44623000 nmethod 11693 0x0000024d2f476690 code [0x0000024d2f4768a0, 0x0000024d2f476ea8]
Event: 354.320 Thread 0x0000024d44605000 nmethod 11674 0x0000024d3575d610 code [0x0000024d3575d7c0, 0x0000024d3575da18]
Event: 354.320 Thread 0x0000024d44605000 11694       4       java.util.EnumMap::get (29 bytes)

GC Heap History (20 events):
Event: 241.375 GC heap after
{Heap after GC invocations=83 (full 0):
 garbage-first heap   total 121856K, used 67639K [0x0000000080000000, 0x0000000100000000)
  region size 1024K, 1 young (1024K), 1 survivors (1024K)
 Metaspace       used 79790K, capacity 81735K, committed 81872K, reserved 1120256K
  class space    used 10260K, capacity 10957K, committed 11008K, reserved 1048576K
}
Event: 263.247 GC heap before
{Heap before GC invocations=83 (full 0):
 garbage-first heap   total 121856K, used 90167K [0x0000000080000000, 0x0000000100000000)
  region size 1024K, 24 young (24576K), 1 survivors (1024K)
 Metaspace       used 80353K, capacity 82394K, committed 82512K, reserved 1120256K
  class space    used 10328K, capacity 11034K, committed 11136K, reserved 1048576K
}
Event: 263.548 GC heap after
{Heap after GC invocations=84 (full 0):
 garbage-first heap   total 121856K, used 68581K [0x0000000080000000, 0x0000000100000000)
  region size 1024K, 2 young (2048K), 2 survivors (2048K)
 Metaspace       used 80353K, capacity 82394K, committed 82512K, reserved 1120256K
  class space    used 10328K, capacity 11034K, committed 11136K, reserved 1048576K
}
Event: 274.130 GC heap before
{Heap before GC invocations=85 (full 0):
 garbage-first heap   total 121856K, used 80869K [0x0000000080000000, 0x0000000100000000)
  region size 1024K, 16 young (16384K), 2 survivors (2048K)
 Metaspace       used 81216K, capacity 83241K, committed 83280K, reserved 1122304K
  class space    used 10418K, capacity 11104K, committed 11136K, reserved 1048576K
}
Event: 274.200 GC heap after
{Heap after GC invocations=86 (full 0):
 garbage-first heap   total 146432K, used 68739K [0x0000000080000000, 0x0000000100000000)
  region size 1024K, 2 young (2048K), 2 survivors (2048K)
 Metaspace       used 81216K, capacity 83241K, committed 83280K, reserved 1122304K
  class space    used 10418K, capacity 11104K, committed 11136K, reserved 1048576K
}
Event: 274.417 GC heap before
{Heap before GC invocations=86 (full 0):
 garbage-first heap   total 146432K, used 72835K [0x0000000080000000, 0x0000000100000000)
  region size 1024K, 7 young (7168K), 2 survivors (2048K)
 Metaspace       used 81224K, capacity 83243K, committed 83280K, reserved 1122304K
  class space    used 10419K, capacity 11105K, committed 11136K, reserved 1048576K
}
Event: 274.437 GC heap after
{Heap after GC invocations=87 (full 0):
 garbage-first heap   total 146432K, used 67630K [0x0000000080000000, 0x0000000100000000)
  region size 1024K, 1 young (1024K), 1 survivors (1024K)
 Metaspace       used 81224K, capacity 83243K, committed 83280K, reserved 1122304K
  class space    used 10419K, capacity 11105K, committed 11136K, reserved 1048576K
}
Event: 278.336 GC heap before
{Heap before GC invocations=87 (full 0):
 garbage-first heap   total 146432K, used 94254K [0x0000000080000000, 0x0000000100000000)
  region size 1024K, 28 young (28672K), 1 survivors (1024K)
 Metaspace       used 81804K, capacity 83909K, committed 84176K, reserved 1122304K
  class space    used 10492K, capacity 11229K, committed 11264K, reserved 1048576K
}
Event: 278.383 GC heap after
{Heap after GC invocations=88 (full 0):
 garbage-first heap   total 146432K, used 69240K [0x0000000080000000, 0x0000000100000000)
  region size 1024K, 3 young (3072K), 3 survivors (3072K)
 Metaspace       used 81804K, capacity 83909K, committed 84176K, reserved 1122304K
  class space    used 10492K, capacity 11229K, committed 11264K, reserved 1048576K
}
Event: 316.307 GC heap before
{Heap before GC invocations=89 (full 0):
 garbage-first heap   total 146432K, used 105080K [0x0000000080000000, 0x0000000100000000)
  region size 1024K, 37 young (37888K), 3 survivors (3072K)
 Metaspace       used 82379K, capacity 84507K, committed 84816K, reserved 1122304K
  class space    used 10536K, capacity 11286K, committed 11392K, reserved 1048576K
}
Event: 316.524 GC heap after
{Heap after GC invocations=90 (full 0):
 garbage-first heap   total 146432K, used 69403K [0x0000000080000000, 0x0000000100000000)
  region size 1024K, 3 young (3072K), 3 survivors (3072K)
 Metaspace       used 82379K, capacity 84507K, committed 84816K, reserved 1122304K
  class space    used 10536K, capacity 11286K, committed 11392K, reserved 1048576K
}
Event: 340.763 GC heap before
{Heap before GC invocations=90 (full 0):
 garbage-first heap   total 146432K, used 72475K [0x0000000080000000, 0x0000000100000000)
  region size 1024K, 7 young (7168K), 3 survivors (3072K)
 Metaspace       used 82689K, capacity 84806K, committed 85072K, reserved 1122304K
  class space    used 10574K, capacity 11322K, committed 11392K, reserved 1048576K
}
Event: 340.996 GC heap after
{Heap after GC invocations=91 (full 0):
 garbage-first heap   total 146432K, used 68821K [0x0000000080000000, 0x0000000100000000)
  region size 1024K, 1 young (1024K), 1 survivors (1024K)
 Metaspace       used 82689K, capacity 84806K, committed 85072K, reserved 1122304K
  class space    used 10574K, capacity 11322K, committed 11392K, reserved 1048576K
}
Event: 341.635 GC heap before
{Heap before GC invocations=91 (full 0):
 garbage-first heap   total 146432K, used 73941K [0x0000000080000000, 0x0000000100000000)
  region size 1024K, 7 young (7168K), 1 survivors (1024K)
 Metaspace       used 82778K, capacity 84871K, committed 85072K, reserved 1122304K
  class space    used 10582K, capacity 11322K, committed 11392K, reserved 1048576K
}
Event: 341.720 GC heap after
{Heap after GC invocations=92 (full 0):
 garbage-first heap   total 146432K, used 69783K [0x0000000080000000, 0x0000000100000000)
  region size 1024K, 1 young (1024K), 1 survivors (1024K)
 Metaspace       used 82778K, capacity 84871K, committed 85072K, reserved 1122304K
  class space    used 10582K, capacity 11322K, committed 11392K, reserved 1048576K
}
Event: 349.645 GC heap before
{Heap before GC invocations=92 (full 0):
 garbage-first heap   total 146432K, used 78999K [0x0000000080000000, 0x0000000100000000)
  region size 1024K, 11 young (11264K), 1 survivors (1024K)
 Metaspace       used 83178K, capacity 85281K, committed 85328K, reserved 1124352K
  class space    used 10610K, capacity 11352K, committed 11392K, reserved 1048576K
}
Event: 350.144 GC heap after
{Heap after GC invocations=93 (full 0):
 garbage-first heap   total 146432K, used 70888K [0x0000000080000000, 0x0000000100000000)
  region size 1024K, 2 young (2048K), 2 survivors (2048K)
 Metaspace       used 83178K, capacity 85281K, committed 85328K, reserved 1124352K
  class space    used 10610K, capacity 11352K, committed 11392K, reserved 1048576K
}
Event: 351.141 GC heap before
{Heap before GC invocations=93 (full 0):
 garbage-first heap   total 146432K, used 79080K [0x0000000080000000, 0x0000000100000000)
  region size 1024K, 11 young (11264K), 2 survivors (2048K)
 Metaspace       used 83236K, capacity 85409K, committed 85584K, reserved 1124352K
  class space    used 10610K, capacity 11352K, committed 11392K, reserved 1048576K
}
Event: 351.669 GC heap after
{Heap after GC invocations=94 (full 0):
 garbage-first heap   total 146432K, used 71209K [0x0000000080000000, 0x0000000100000000)
  region size 1024K, 1 young (1024K), 1 survivors (1024K)
 Metaspace       used 83236K, capacity 85409K, committed 85584K, reserved 1124352K
  class space    used 10610K, capacity 11352K, committed 11392K, reserved 1048576K
}
Event: 354.327 GC heap before
{Heap before GC invocations=95 (full 0):
 garbage-first heap   total 146432K, used 76329K [0x0000000080000000, 0x0000000100000000)
  region size 1024K, 7 young (7168K), 1 survivors (1024K)
 Metaspace       used 83345K, capacity 85517K, committed 85584K, reserved 1124352K
  class space    used 10620K, capacity 11388K, committed 11392K, reserved 1048576K
}

Deoptimization events (20 events):
Event: 351.943 Thread 0x0000024d44c8d000 DEOPT PACKING pc=0x0000024d356a7704 sp=0x000000e054efda30
Event: 351.952 Thread 0x0000024d44c8d000 DEOPT UNPACKING pc=0x0000024d2d5b78af sp=0x000000e054efd9f8 mode 2
Event: 353.202 Thread 0x0000024d449e4000 DEOPT PACKING pc=0x0000024d2f0a0b17 sp=0x000000e0538fe3f0
Event: 353.202 Thread 0x0000024d449e4000 DEOPT UNPACKING pc=0x0000024d2d5b76ce sp=0x000000e0538fd8b0 mode 0
Event: 354.281 Thread 0x0000024d449e8000 Uncommon trap: trap_request=0xffffffc6 fr.pc=0x0000024d356d6574 relative=0x00000000000005f4
Event: 354.281 Thread 0x0000024d449e8000 Uncommon trap: reason=bimorphic_or_optimized_type_check action=maybe_recompile pc=0x0000024d356d6574 method=java.util.Spliterators$IteratorSpliterator.tryAdvance(Ljava/util/function/Consumer;)Z @ 68 c2
Event: 354.282 Thread 0x0000024d449e8000 DEOPT PACKING pc=0x0000024d356d6574 sp=0x000000e05caf9390
Event: 354.282 Thread 0x0000024d449e8000 DEOPT UNPACKING pc=0x0000024d2d5b78af sp=0x000000e05caf9368 mode 2
Event: 354.285 Thread 0x0000024d44c86800 Uncommon trap: trap_request=0xffffffc6 fr.pc=0x0000024d356d6574 relative=0x00000000000005f4
Event: 354.286 Thread 0x0000024d44c86800 Uncommon trap: reason=bimorphic_or_optimized_type_check action=maybe_recompile pc=0x0000024d356d6574 method=java.util.Spliterators$IteratorSpliterator.tryAdvance(Ljava/util/function/Consumer;)Z @ 68 c2
Event: 354.286 Thread 0x0000024d44c86800 DEOPT PACKING pc=0x0000024d356d6574 sp=0x000000e0568fb9c0
Event: 354.286 Thread 0x0000024d44c85800 Uncommon trap: trap_request=0xffffffc6 fr.pc=0x0000024d356d6574 relative=0x00000000000005f4
Event: 354.286 Thread 0x0000024d44c85800 Uncommon trap: reason=bimorphic_or_optimized_type_check action=maybe_recompile pc=0x0000024d356d6574 method=java.util.Spliterators$IteratorSpliterator.tryAdvance(Ljava/util/function/Consumer;)Z @ 68 c2
Event: 354.286 Thread 0x0000024d44c85800 DEOPT PACKING pc=0x0000024d356d6574 sp=0x000000e0566fb560
Event: 354.286 Thread 0x0000024d44c86800 DEOPT UNPACKING pc=0x0000024d2d5b78af sp=0x000000e0568fb998 mode 2
Event: 354.287 Thread 0x0000024d44c85800 DEOPT UNPACKING pc=0x0000024d2d5b78af sp=0x000000e0566fb538 mode 2
Event: 354.288 Thread 0x0000024d44c86800 Uncommon trap: trap_request=0xffffffc6 fr.pc=0x0000024d356d6574 relative=0x00000000000005f4
Event: 354.288 Thread 0x0000024d44c86800 Uncommon trap: reason=bimorphic_or_optimized_type_check action=maybe_recompile pc=0x0000024d356d6574 method=java.util.Spliterators$IteratorSpliterator.tryAdvance(Ljava/util/function/Consumer;)Z @ 68 c2
Event: 354.288 Thread 0x0000024d44c86800 DEOPT PACKING pc=0x0000024d356d6574 sp=0x000000e0568fb9c0
Event: 354.288 Thread 0x0000024d44c86800 DEOPT UNPACKING pc=0x0000024d2d5b78af sp=0x000000e0568fb998 mode 2

Classes redefined (0 events):
No events

Internal exceptions (20 events):
Event: 276.954 Thread 0x0000024d449e8000 Exception <a 'java/lang/NoSuchMethodError'{0x0000000087abec90}: <clinit>> (0x0000000087abec90) thrown at [./src/hotspot/share/prims/jni.cpp, line 1362]
Event: 276.960 Thread 0x0000024d449e8000 Exception <a 'java/lang/NoSuchMethodError'{0x0000000087abfec8}: <clinit>> (0x0000000087abfec8) thrown at [./src/hotspot/share/prims/jni.cpp, line 1362]
Event: 276.997 Thread 0x0000024d449e8800 Exception <a 'java/lang/NoSuchMethodError'{0x0000000087922f38}: 'java.lang.Object java.lang.invoke.DirectMethodHandle$Holder.invokeVirtual(java.lang.Object, java.lang.Object, int)'> (0x0000000087922f38) thrown at [./src/hotspot/share/interpreter/linkResolver.cpp, line 773]
Event: 277.086 Thread 0x0000024d449e8800 Exception <a 'java/lang/NoSuchMethodError'{0x00000000879736c0}: 'void java.lang.invoke.DirectMethodHandle$Holder.invokeStatic(java.lang.Object, java.lang.Object, java.lang.Object, int)'> (0x00000000879736c0) thrown at [./src/hotspot/share/interpreter/linkResolver.cpp, line 773]
Event: 309.837 Thread 0x0000024d449e8000 Exception <a 'sun/nio/fs/WindowsException'{0x0000000086c94270}> (0x0000000086c94270) thrown at [./src/hotspot/share/prims/jni.cpp, line 615]
Event: 309.841 Thread 0x0000024d449e8000 Exception <a 'sun/nio/fs/WindowsException'{0x0000000086c94e58}> (0x0000000086c94e58) thrown at [./src/hotspot/share/prims/jni.cpp, line 615]
Event: 309.857 Thread 0x0000024d449e8000 Exception <a 'sun/nio/fs/WindowsException'{0x0000000086c95220}> (0x0000000086c95220) thrown at [./src/hotspot/share/prims/jni.cpp, line 615]
Event: 309.871 Thread 0x0000024d449e8000 Exception <a 'sun/nio/fs/WindowsException'{0x0000000086c95e00}> (0x0000000086c95e00) thrown at [./src/hotspot/share/prims/jni.cpp, line 615]
Event: 309.903 Thread 0x0000024d449e8000 Exception <a 'sun/nio/fs/WindowsException'{0x0000000086c96088}> (0x0000000086c96088) thrown at [./src/hotspot/share/prims/jni.cpp, line 615]
Event: 309.921 Thread 0x0000024d449e8000 Exception <a 'sun/nio/fs/WindowsException'{0x0000000086c96c38}> (0x0000000086c96c38) thrown at [./src/hotspot/share/prims/jni.cpp, line 615]
Event: 311.980 Thread 0x0000024d449e8000 Exception <a 'java/lang/NoSuchMethodError'{0x0000000086b42c50}: <clinit>> (0x0000000086b42c50) thrown at [./src/hotspot/share/prims/jni.cpp, line 1362]
Event: 312.086 Thread 0x0000024d449e8000 Exception <a 'java/lang/NoSuchMethodError'{0x0000000086b59a10}: <clinit>> (0x0000000086b59a10) thrown at [./src/hotspot/share/prims/jni.cpp, line 1362]
Event: 312.340 Thread 0x0000024d449e8000 Exception <a 'java/lang/NoSuchMethodError'{0x0000000086bbe708}: <clinit>> (0x0000000086bbe708) thrown at [./src/hotspot/share/prims/jni.cpp, line 1362]
Event: 316.598 Thread 0x0000024d44c8d000 Exception <a 'java/lang/NoSuchMethodError'{0x0000000088e014f8}: 'int java.lang.invoke.DirectMethodHandle$Holder.invokeSpecialIFC(java.lang.Object, java.lang.Object, java.lang.Object)'> (0x0000000088e014f8) thrown at [./src/hotspot/share/interpreter/linkResolver.cpp, line 773]
Event: 342.854 Thread 0x0000024d44c8d000 Exception <a 'sun/nio/fs/WindowsException'{0x00000000889ca788}> (0x00000000889ca788) thrown at [./src/hotspot/share/prims/jni.cpp, line 615]
Event: 343.018 Thread 0x0000024d44c8d000 Exception <a 'sun/nio/fs/WindowsException'{0x00000000889e8a88}> (0x00000000889e8a88) thrown at [./src/hotspot/share/prims/jni.cpp, line 615]
Event: 343.053 Thread 0x0000024d44c8d000 Exception <a 'sun/nio/fs/WindowsException'{0x00000000889e8e38}> (0x00000000889e8e38) thrown at [./src/hotspot/share/prims/jni.cpp, line 615]
Event: 354.162 Thread 0x0000024d44c85800 Exception <a 'sun/nio/fs/WindowsException'{0x000000008890bcd0}> (0x000000008890bcd0) thrown at [./src/hotspot/share/prims/jni.cpp, line 615]
Event: 354.163 Thread 0x0000024d44c86800 Exception <a 'sun/nio/fs/WindowsException'{0x000000008891d9d0}> (0x000000008891d9d0) thrown at [./src/hotspot/share/prims/jni.cpp, line 615]
Event: 354.166 Thread 0x0000024d449e8000 Exception <a 'sun/nio/fs/WindowsException'{0x0000000088af7f18}> (0x0000000088af7f18) thrown at [./src/hotspot/share/prims/jni.cpp, line 615]

Events (20 events):
Event: 354.003 loading class org/gradle/api/internal/attributes/AttributeContainerInternal done
Event: 354.236 loading class com/android/ide/common/symbols/SymbolTableBuilder
Event: 354.236 loading class com/android/ide/common/symbols/SymbolTableBuilder done
Event: 354.245 loading class com/android/ide/common/symbols/SymbolTable$Builder
Event: 354.245 loading class com/android/ide/common/symbols/SymbolTable$Builder done
Event: 354.251 loading class com/android/ide/common/symbols/SymbolTable$Builder$symbols$1
Event: 354.251 loading class com/android/ide/common/symbols/SymbolTable$Builder$symbols$1 done
Event: 354.259 loading class com/android/ide/common/symbols/SymbolTableKt$sam$com_google_common_base_Supplier$0
Event: 354.259 loading class com/android/ide/common/symbols/SymbolTableKt$sam$com_google_common_base_Supplier$0 done
Event: 354.270 loading class java/io/BufferedReader$1
Event: 354.279 loading class java/io/BufferedReader$1 done
Event: 354.283 loading class com/android/ide/common/symbols/SymbolTableBuilder$WhenMappings
Event: 354.283 loading class com/android/ide/common/symbols/SymbolTableBuilder$WhenMappings done
Event: 354.297 loading class com/google/common/collect/AbstractTable$CellSet
Event: 354.297 loading class com/google/common/collect/AbstractTable$CellSet done
Event: 354.313 loading class com/google/common/collect/StandardTable$CellIterator
Event: 354.313 loading class com/google/common/collect/StandardTable$CellIterator done
Event: 354.317 loading class com/google/common/collect/Iterators$EmptyModifiableIterator
Event: 354.317 loading class com/google/common/collect/Iterators$EmptyModifiableIterator done
Event: 354.322 Executing VM operation: G1CollectForAllocation


Dynamic libraries:
0x00007ff70b9e0000 - 0x00007ff70b9ed000 	C:\Program Files\AdoptOpenJDK\jdk-11.0.10.9-hotspot\bin\java.exe
0x00007ffbb0750000 - 0x00007ffbb0945000 	C:\WINDOWS\SYSTEM32\ntdll.dll
0x00007ffbae8f0000 - 0x00007ffbae9ad000 	C:\WINDOWS\System32\KERNEL32.DLL
0x00007ffbae270000 - 0x00007ffbae539000 	C:\WINDOWS\System32\KERNELBASE.dll
0x00007ffbae650000 - 0x00007ffbae750000 	C:\WINDOWS\System32\ucrtbase.dll
0x00007ffba4040000 - 0x00007ffba4055000 	C:\Program Files\AdoptOpenJDK\jdk-11.0.10.9-hotspot\bin\VCRUNTIME140.dll
0x00007ffb9e560000 - 0x00007ffb9e577000 	C:\Program Files\AdoptOpenJDK\jdk-11.0.10.9-hotspot\bin\jli.dll
0x00007ffbb02b0000 - 0x00007ffbb0450000 	C:\WINDOWS\System32\USER32.dll
0x00007ffb9ed10000 - 0x00007ffb9efaa000 	C:\WINDOWS\WinSxS\amd64_microsoft.windows.common-controls_6595b64144ccf1df_6.0.19041.844_none_ca00b6081b84eb1d\COMCTL32.dll
0x00007ffbb0200000 - 0x00007ffbb029e000 	C:\WINDOWS\System32\msvcrt.dll
0x00007ffbb06e0000 - 0x00007ffbb070a000 	C:\WINDOWS\System32\GDI32.dll
0x00007ffbae780000 - 0x00007ffbae7a2000 	C:\WINDOWS\System32\win32u.dll
0x00007ffbae540000 - 0x00007ffbae64b000 	C:\WINDOWS\System32\gdi32full.dll
0x00007ffbae1d0000 - 0x00007ffbae26d000 	C:\WINDOWS\System32\msvcp_win.dll
0x00007ffbb0600000 - 0x00007ffbb0630000 	C:\WINDOWS\System32\IMM32.DLL
0x00007ffb897d0000 - 0x00007ffb8986b000 	C:\Program Files\AdoptOpenJDK\jdk-11.0.10.9-hotspot\bin\msvcp140.dll
0x00007ffb4ec30000 - 0x00007ffb4f773000 	C:\Program Files\AdoptOpenJDK\jdk-11.0.10.9-hotspot\bin\server\jvm.dll
0x00007ffbb0630000 - 0x00007ffbb06dc000 	C:\WINDOWS\System32\ADVAPI32.dll
0x00007ffbaf8b0000 - 0x00007ffbaf94c000 	C:\WINDOWS\System32\sechost.dll
0x00007ffbaf4a0000 - 0x00007ffbaf5cb000 	C:\WINDOWS\System32\RPCRT4.dll
0x00007ffbaf5d0000 - 0x00007ffbaf5d8000 	C:\WINDOWS\System32\PSAPI.DLL
0x00007ffba9470000 - 0x00007ffba9479000 	C:\WINDOWS\SYSTEM32\WSOCK32.dll
0x00007ffba39c0000 - 0x00007ffba39e7000 	C:\WINDOWS\SYSTEM32\WINMM.dll
0x00007ffba1800000 - 0x00007ffba180a000 	C:\WINDOWS\SYSTEM32\VERSION.dll
0x00007ffbaf5e0000 - 0x00007ffbaf64b000 	C:\WINDOWS\System32\WS2_32.dll
0x00007ffbabdf0000 - 0x00007ffbabe02000 	C:\WINDOWS\SYSTEM32\kernel.appcore.dll
0x00007ffba7840000 - 0x00007ffba7850000 	C:\Program Files\AdoptOpenJDK\jdk-11.0.10.9-hotspot\bin\verify.dll
0x00007ffba5690000 - 0x00007ffba5874000 	C:\WINDOWS\SYSTEM32\DBGHELP.DLL
0x00007ffba5520000 - 0x00007ffba554c000 	C:\WINDOWS\SYSTEM32\dbgcore.DLL
0x00007ffbae150000 - 0x00007ffbae1d0000 	C:\WINDOWS\System32\bcryptPrimitives.dll
0x00007ffb9cde0000 - 0x00007ffb9ce08000 	C:\Program Files\AdoptOpenJDK\jdk-11.0.10.9-hotspot\bin\java.dll
0x00007ffba3a90000 - 0x00007ffba3a9a000 	C:\Program Files\AdoptOpenJDK\jdk-11.0.10.9-hotspot\bin\jimage.dll
0x00007ffb9dfe0000 - 0x00007ffb9dff7000 	C:\Program Files\AdoptOpenJDK\jdk-11.0.10.9-hotspot\bin\zip.dll
0x00007ffbaed50000 - 0x00007ffbaf492000 	C:\WINDOWS\System32\SHELL32.dll
0x00007ffbabff0000 - 0x00007ffbac780000 	C:\WINDOWS\SYSTEM32\windows.storage.dll
0x00007ffbafdc0000 - 0x00007ffbb0115000 	C:\WINDOWS\System32\combase.dll
0x00007ffbad830000 - 0x00007ffbad85c000 	C:\WINDOWS\SYSTEM32\Wldp.dll
0x00007ffbaeca0000 - 0x00007ffbaed4e000 	C:\WINDOWS\System32\SHCORE.dll
0x00007ffbae9b0000 - 0x00007ffbaea05000 	C:\WINDOWS\System32\shlwapi.dll
0x00007ffbaddd0000 - 0x00007ffbaddef000 	C:\WINDOWS\SYSTEM32\profapi.dll
0x00007ffb9dcf0000 - 0x00007ffb9dd09000 	C:\Program Files\AdoptOpenJDK\jdk-11.0.10.9-hotspot\bin\net.dll
0x00007ffba5260000 - 0x00007ffba536c000 	C:\WINDOWS\SYSTEM32\WINHTTP.dll
0x00007ffbad5b0000 - 0x00007ffbad61a000 	C:\WINDOWS\system32\mswsock.dll
0x00007ffb9dc00000 - 0x00007ffb9dc12000 	C:\Program Files\AdoptOpenJDK\jdk-11.0.10.9-hotspot\bin\nio.dll
0x00007ffb9c200000 - 0x00007ffb9c227000 	C:\Users\aseel\.gradle\native\f6784746aeab05261644944871eae4fe03e0ef1612fff0a4a95f87b438bc6780\windows-amd64\native-platform.dll
0x00007ffba23a0000 - 0x00007ffba23a9000 	C:\Program Files\AdoptOpenJDK\jdk-11.0.10.9-hotspot\bin\management.dll
0x00007ffba1480000 - 0x00007ffba148b000 	C:\Program Files\AdoptOpenJDK\jdk-11.0.10.9-hotspot\bin\management_ext.dll
0x00007ffbad780000 - 0x00007ffbad798000 	C:\WINDOWS\SYSTEM32\CRYPTSP.dll
0x00007ffbacf50000 - 0x00007ffbacf84000 	C:\WINDOWS\system32\rsaenh.dll
0x00007ffbae750000 - 0x00007ffbae777000 	C:\WINDOWS\System32\bcrypt.dll
0x00007ffbadd50000 - 0x00007ffbadd7e000 	C:\WINDOWS\SYSTEM32\USERENV.dll
0x00007ffbad7a0000 - 0x00007ffbad7ac000 	C:\WINDOWS\SYSTEM32\CRYPTBASE.dll
0x00007ffbad2a0000 - 0x00007ffbad2db000 	C:\WINDOWS\SYSTEM32\IPHLPAPI.DLL
0x00007ffbb02a0000 - 0x00007ffbb02a8000 	C:\WINDOWS\System32\NSI.dll
0x00007ffba7710000 - 0x00007ffba7727000 	C:\WINDOWS\SYSTEM32\dhcpcsvc6.DLL
0x00007ffba6fc0000 - 0x00007ffba6fdd000 	C:\WINDOWS\SYSTEM32\dhcpcsvc.DLL
0x00007ffbad2e0000 - 0x00007ffbad3ab000 	C:\WINDOWS\SYSTEM32\DNSAPI.dll
0x00007ffba7b90000 - 0x00007ffba7b9b000 	C:\WINDOWS\SYSTEM32\WINNSI.DLL

dbghelp: loaded successfully - version: 4.0.5 - missing functions: none
symbol engine: initialized successfully - sym options: 0x614 - pdb path: .;C:\Program Files\AdoptOpenJDK\jdk-11.0.10.9-hotspot\bin;C:\WINDOWS\SYSTEM32;C:\WINDOWS\WinSxS\amd64_microsoft.windows.common-controls_6595b64144ccf1df_6.0.19041.844_none_ca00b6081b84eb1d;C:\Program Files\AdoptOpenJDK\jdk-11.0.10.9-hotspot\bin\server;C:\Users\aseel\.gradle\native\f6784746aeab05261644944871eae4fe03e0ef1612fff0a4a95f87b438bc6780\windows-amd64

VM Arguments:
jvm_args: --add-opens=java.base/java.util=ALL-UNNAMED --add-opens=java.base/java.lang=ALL-UNNAMED --add-opens=java.base/java.lang.invoke=ALL-UNNAMED --add-opens=java.prefs/java.util.prefs=ALL-UNNAMED -Xmx2048m -Dfile.encoding=UTF-8 -Duser.country=FI -Duser.language=fi -Duser.variant 
java_command: org.gradle.launcher.daemon.bootstrap.GradleDaemon 6.5
java_class_path (initial): C:\Users\aseel\.gradle\wrapper\dists\gradle-6.5-bin\6nifqtx7604sqp1q6g8wikw7p\gradle-6.5\lib\gradle-launcher-6.5.jar
Launcher Type: SUN_STANDARD

[Global flags]
     intx CICompilerCount                          = 3                                         {product} {ergonomic}
     uint ConcGCThreads                            = 1                                         {product} {ergonomic}
     uint G1ConcRefinementThreads                  = 4                                         {product} {ergonomic}
   size_t G1HeapRegionSize                         = 1048576                                   {product} {ergonomic}
    uintx GCDrainStackTargetSize                   = 64                                        {product} {ergonomic}
   size_t InitialHeapSize                          = 58720256                                  {product} {ergonomic}
   size_t MarkStackSize                            = 4194304                                   {product} {ergonomic}
   size_t MaxHeapSize                              = 2147483648                                {product} {command line}
   size_t MaxNewSize                               = 1287651328                                {product} {ergonomic}
   size_t MinHeapDeltaBytes                        = 1048576                                   {product} {ergonomic}
    uintx NonNMethodCodeHeapSize                   = 5830732                                {pd product} {ergonomic}
    uintx NonProfiledCodeHeapSize                  = 122913754                              {pd product} {ergonomic}
    uintx ProfiledCodeHeapSize                     = 122913754                              {pd product} {ergonomic}
    uintx ReservedCodeCacheSize                    = 251658240                              {pd product} {ergonomic}
     bool SegmentedCodeCache                       = true                                      {product} {ergonomic}
     bool UseCompressedClassPointers               = true                                 {lp64_product} {ergonomic}
     bool UseCompressedOops                        = true                                 {lp64_product} {ergonomic}
     bool UseG1GC                                  = true                                      {product} {ergonomic}
     bool UseLargePagesIndividualAllocation        = false                                  {pd product} {ergonomic}

Logging:
Log output configuration:
 #0: stdout all=warning uptime,level,tags
 #1: stderr all=off uptime,level,tags

Environment Variables:
JAVA_HOME=C:\Program Files\AdoptOpenJDK\jdk-11.0.10.9-hotspot
PATH=C:\Program Files (x86)\Common Files\Oracle\Java\javapath;C:\Program Files\AdoptOpenJDK\jdk-11.0.10.9-hotspot\bin;C:\WINDOWS\system32;C:\WINDOWS;C:\WINDOWS\System32\Wbem;C:\WINDOWS\System32\WindowsPowerShell\v1.0\;C:\WINDOWS\System32\OpenSSH\;C:\Program Files\dotnet\;C:\Program Files\Git\cmd;C:\Users\aseel\AppData\Local\Microsoft\WindowsApps;C:\Users\aseel\.dotnet\tools;
USERNAME=aseel
OS=Windows_NT
PROCESSOR_IDENTIFIER=AMD64 Family 23 Model 24 Stepping 1, AuthenticAMD



---------------  S Y S T E M  ---------------

OS: Windows 10 , 64 bit Build 19041 (10.0.19041.804)
OS uptime: 28 days 17:56 hours

CPU:total 4 (initial active 4) (4 cores per cpu, 2 threads per core) family 23 model 24 stepping 1 microcode 0x0, cmov, cx8, fxsr, mmx, sse, sse2, sse3, ssse3, sse4.1, sse4.2, popcnt, avx, avx2, aes, clmul, mmxext, 3dnowpref, lzcnt, sse4a, ht, tsc, tscinvbit, tscinv, bmi1, bmi2, adx, s

Memory: 4k page, system-wide physical 3531M (24M free)
TotalPageFile size 14283M (AvailPageFile size 4M)
current process WorkingSet (physical memory assigned to process): 155M, peak: 238M
current process commit charge ("private bytes"): 398M, peak: 429M

vm_info: OpenJDK 64-Bit Server VM (11.0.10+9) for windows-amd64 JRE (11.0.10+9), built on Jan 20 2021 06:07:07 by "" with MS VC++ 15.9 (VS2017)

END.
